[debug] [2026-04-29T18:39:58.012Z] ----------------------------------------------------------------------
[debug] [2026-04-29T18:39:58.015Z] Command:       /opt/homebrew/Cellar/node/25.5.0/bin/node /usr/local/bin/firebase emulators:start --only functions
[debug] [2026-04-29T18:39:58.015Z] CLI Version:   14.9.0
[debug] [2026-04-29T18:39:58.015Z] Platform:      darwin
[debug] [2026-04-29T18:39:58.015Z] Node Version:  v25.5.0
[debug] [2026-04-29T18:39:58.015Z] Time:          Wed Apr 29 2026 19:39:58 GMT+0100 (West Africa Time)
[debug] [2026-04-29T18:39:58.015Z] ----------------------------------------------------------------------
[debug] 
[debug] [2026-04-29T18:39:58.016Z] >>> [apiv2][query] GET https://firebase-public.firebaseio.com/cli.json [none]
[debug] [2026-04-29T18:39:58.123Z] > command requires scopes: ["email","openid","https://www.googleapis.com/auth/cloudplatformprojects.readonly","https://www.googleapis.com/auth/firebase","https://www.googleapis.com/auth/cloud-platform"]
[debug] [2026-04-29T18:39:58.123Z] > authorizing via signed-in user (kamcyahaka@gmail.com)
[info] i  emulators: Starting emulators: functions {"metadata":{"emulator":{"name":"hub"},"message":"Starting emulators: functions"}}
[debug] [2026-04-29T18:39:58.210Z] [logging] Logging Emulator only supports listening on one address (127.0.0.1). Not listening on ::1
[debug] [2026-04-29T18:39:58.211Z] assigned listening specs for emulators {"user":{"hub":[{"address":"127.0.0.1","family":"IPv4","port":4400},{"address":"::1","family":"IPv6","port":4400}],"ui":[{"address":"127.0.0.1","family":"IPv4","port":4000},{"address":"::1","family":"IPv6","port":4000}],"logging":[{"address":"127.0.0.1","family":"IPv4","port":4500}]},"metadata":{"message":"assigned listening specs for emulators"}}
[debug] [2026-04-29T18:39:58.212Z] [hub] writing locator at /var/folders/dq/glthrwl57b18pxc8pg8fbfzw0000gq/T/hub-logrithm-ai.json
[debug] [2026-04-29T18:39:58.302Z] [functions] Functions Emulator only supports listening on one address (127.0.0.1). Not listening on ::1
[debug] [2026-04-29T18:39:58.302Z] [eventarc] Eventarc Emulator only supports listening on one address (127.0.0.1). Not listening on ::1
[debug] [2026-04-29T18:39:58.302Z] [tasks] Cloud Tasks Emulator only supports listening on one address (127.0.0.1). Not listening on ::1
[debug] [2026-04-29T18:39:58.302Z] late-assigned ports for functions and eventarc emulators {"user":{"hub":[{"address":"127.0.0.1","family":"IPv4","port":4400},{"address":"::1","family":"IPv6","port":4400}],"ui":[{"address":"127.0.0.1","family":"IPv4","port":4000},{"address":"::1","family":"IPv6","port":4000}],"logging":[{"address":"127.0.0.1","family":"IPv4","port":4500}],"functions":[{"address":"127.0.0.1","family":"IPv4","port":5001}],"eventarc":[{"address":"127.0.0.1","family":"IPv4","port":9299}],"tasks":[{"address":"127.0.0.1","family":"IPv4","port":9499}]},"metadata":{"message":"late-assigned ports for functions and eventarc emulators"}}
[warn] ⚠  functions: The following emulators are not running, calls to these services from the Functions emulator will affect production: apphosting, auth, firestore, database, hosting, pubsub, storage, dataconnect {"metadata":{"emulator":{"name":"functions"},"message":"The following emulators are not running, calls to these services from the Functions emulator will affect production: \u001b[1mapphosting, auth, firestore, database, hosting, pubsub, storage, dataconnect\u001b[22m"}}
[debug] [2026-04-29T18:39:58.307Z] defaultcredentials: writing to file /Users/divine/.config/firebase/kamcyahaka_gmail_com_application_default_credentials.json
[debug] [2026-04-29T18:39:58.308Z] Setting GAC to /Users/divine/.config/firebase/kamcyahaka_gmail_com_application_default_credentials.json {"metadata":{"emulator":{"name":"functions"},"message":"Setting GAC to /Users/divine/.config/firebase/kamcyahaka_gmail_com_application_default_credentials.json"}}
[debug] [2026-04-29T18:39:58.308Z] Checked if tokens are valid: false, expires at: 1777406420248
[debug] [2026-04-29T18:39:58.308Z] Checked if tokens are valid: false, expires at: 1777406420248
[debug] [2026-04-29T18:39:58.308Z] > refreshing access token with scopes: []
[debug] [2026-04-29T18:39:58.309Z] >>> [apiv2][query] POST https://www.googleapis.com/oauth2/v3/token [none]
[debug] [2026-04-29T18:39:58.309Z] >>> [apiv2][body] POST https://www.googleapis.com/oauth2/v3/token [omitted]
[debug] [2026-04-29T18:39:58.828Z] <<< [apiv2][status] POST https://www.googleapis.com/oauth2/v3/token 200
[debug] [2026-04-29T18:39:58.828Z] <<< [apiv2][body] POST https://www.googleapis.com/oauth2/v3/token [omitted]
[debug] [2026-04-29T18:39:58.836Z] >>> [apiv2][query] GET https://firebase.googleapis.com/v1beta1/projects/logrithm-ai/adminSdkConfig [none]
[debug] [2026-04-29T18:39:59.055Z] <<< [apiv2][status] GET https://firebase-public.firebaseio.com/cli.json 200
[debug] [2026-04-29T18:39:59.055Z] <<< [apiv2][body] GET https://firebase-public.firebaseio.com/cli.json {"cloudBuildErrorAfter":1594252800000,"cloudBuildWarnAfter":1590019200000,"defaultNode10After":1594252800000,"minVersion":"3.0.5","node8DeploysDisabledAfter":1613390400000,"node8RuntimeDisabledAfter":1615809600000,"node8WarnAfter":1600128000000}
[debug] [2026-04-29T18:39:59.512Z] <<< [apiv2][status] GET https://firebase.googleapis.com/v1beta1/projects/logrithm-ai/adminSdkConfig 200
[debug] [2026-04-29T18:39:59.512Z] <<< [apiv2][body] GET https://firebase.googleapis.com/v1beta1/projects/logrithm-ai/adminSdkConfig {"projectId":"logrithm-ai","storageBucket":"logrithm-ai.firebasestorage.app"}
[info] i  functions: Watching "/Users/divine/Documents/projects/logrithm/functions" for Cloud Functions... {"metadata":{"emulator":{"name":"functions"},"message":"Watching \"/Users/divine/Documents/projects/logrithm/functions\" for Cloud Functions..."}}
[debug] [2026-04-29T18:39:59.524Z] Validating nodejs source
[warn] ⚠  functions: package.json indicates an outdated version of firebase-functions. Please upgrade using npm install --save firebase-functions@latest in your functions directory. 
[warn] ⚠  functions: Please note that there will be breaking changes when you upgrade. 
[debug] [2026-04-29T18:40:00.680Z] > [functions] package.json contents: {
  "name": "functions",
  "scripts": {
    "build": "tsc",
    "build:watch": "tsc --watch",
    "serve": "bun run build && firebase emulators:start --only functions",
    "shell": "bun run build && firebase functions:shell",
    "start": "bun run shell",
    "deploy": "firebase deploy --only functions",
    "logs": "firebase functions:log"
  },
  "engines": {
    "node": "20"
  },
  "main": "lib/index.js",
  "dependencies": {
    "@google-cloud/functions-framework": "^5.0.2",
    "@google-cloud/secret-manager": "^6.1.1",
    "@google/generative-ai": "^0.24.1",
    "firebase-admin": "^13.1.0",
    "firebase-functions": "^6.3.1"
  },
  "devDependencies": {
    "firebase-functions-test": "^3.4.0",
    "typescript": "^5.7.3"
  },
  "private": true
}
[debug] [2026-04-29T18:40:00.680Z] Building nodejs source
[debug] [2026-04-29T18:40:00.681Z] Failed to find version of module node: reached end of search path /Users/divine/Documents/projects/logrithm/functions/node_modules
[warn] ⚠  functions: Your requested "node" version "20" doesn't match your global version "25". Using node@25 from host. 
[info] i  functions: Loaded environment variables from .env.local. 
[debug] [2026-04-29T18:40:00.682Z] Could not find functions.yaml. Must use http discovery
[debug] [2026-04-29T18:40:00.686Z] Found firebase-functions binary at '/Users/divine/Documents/projects/logrithm/functions/node_modules/.bin/firebase-functions'
[info] Serving at port 8781

[debug] [2026-04-29T18:40:01.562Z] Got response from /__/functions.yaml {"endpoints":{"fetchGitHubActivity":{"availableMemoryMb":null,"timeoutSeconds":null,"minInstances":null,"maxInstances":10,"ingressSettings":null,"concurrency":null,"serviceAccountEmail":null,"vpc":null,"platform":"gcfv2","region":["us-central1"],"labels":{},"callableTrigger":{},"entryPoint":"fetchGitHubActivity"},"generateInsights":{"availableMemoryMb":null,"timeoutSeconds":null,"minInstances":null,"maxInstances":10,"ingressSettings":null,"concurrency":null,"serviceAccountEmail":null,"vpc":null,"platform":"gcfv2","region":["us-central1"],"secretEnvironmentVariables":[{"key":"GEMINI_API_KEY"}],"labels":{},"callableTrigger":{},"entryPoint":"generateInsights"}},"specVersion":"v1alpha1","requiredAPIs":[],"extensions":{}}
[info] ✔  functions: Loaded functions definitions from source: fetchGitHubActivity, generateInsights. {"metadata":{"emulator":{"name":"functions"},"message":"Loaded functions definitions from source: fetchGitHubActivity, generateInsights."}}
[info] ✔  functions[us-central1-fetchGitHubActivity]: http function initialized (http://127.0.0.1:5001/logrithm-ai/us-central1/fetchGitHubActivity). {"metadata":{"emulator":{"name":"functions"},"message":"\u001b[1mhttp\u001b[22m function initialized (http://127.0.0.1:5001/logrithm-ai/us-central1/fetchGitHubActivity)."}}
[info] ✔  functions[us-central1-generateInsights]: http function initialized (http://127.0.0.1:5001/logrithm-ai/us-central1/generateInsights). {"metadata":{"emulator":{"name":"functions"},"message":"\u001b[1mhttp\u001b[22m function initialized (http://127.0.0.1:5001/logrithm-ai/us-central1/generateInsights)."}}
[debug] [2026-04-29T18:40:05.596Z] Could not find VSCode notification endpoint: FetchError: request to http://localhost:40001/vscode/notify failed, reason: . If you are not running the Firebase Data Connect VSCode extension, this is expected and not an issue.
[info] 
┌─────────────────────────────────────────────────────────────┐
│ ✔  All emulators ready! It is now safe to connect your app. │
│ i  View Emulator UI at http://127.0.0.1:4000/               │
└─────────────────────────────────────────────────────────────┘

┌───────────┬────────────────┬─────────────────────────────────┐
│ Emulator  │ Host:Port      │ View in Emulator UI             │
├───────────┼────────────────┼─────────────────────────────────┤
│ Functions │ 127.0.0.1:5001 │ http://127.0.0.1:4000/functions │
└───────────┴────────────────┴─────────────────────────────────┘
  Emulator Hub host: 127.0.0.1 port: 4400
  Other reserved ports: 4500

Issues? Report them at https://github.com/firebase/firebase-tools/issues and attach the *-debug.log files.
 
[debug] [2026-04-29T18:40:19.044Z] [work-queue] {"queuedWork":["/logrithm-ai/us-central1/fetchGitHubActivity-2026-04-29T18:40:19.043Z"],"queueLength":1,"runningWork":[],"workRunningCount":0}
[debug] [2026-04-29T18:40:19.044Z] [work-queue] {"queuedWork":[],"queueLength":0,"runningWork":["/logrithm-ai/us-central1/fetchGitHubActivity-2026-04-29T18:40:19.043Z"],"workRunningCount":1}
[debug] [2026-04-29T18:40:19.045Z] Accepted request OPTIONS /logrithm-ai/us-central1/fetchGitHubActivity --> us-central1-fetchGitHubActivity
[debug] [2026-04-29T18:40:19.045Z] [functions] Runtime ready! Sending request! {"metadata":{"emulator":{"name":"functions"},"message":"[functions] Runtime ready! Sending request!"}}
[debug] [2026-04-29T18:40:19.046Z] [functions] Got req.url=/logrithm-ai/us-central1/fetchGitHubActivity, mapping to path=/ {"metadata":{"emulator":{"name":"functions"},"message":"[functions] Got req.url=/logrithm-ai/us-central1/fetchGitHubActivity, mapping to path=/"}}
[info] i  functions: Loaded environment variables from .env.local. 
[debug] [2026-04-29T18:40:19.078Z] [worker-pool] addWorker(us-central1-fetchGitHubActivity) {"metadata":{"emulator":{"name":"functions"},"message":"[worker-pool] addWorker(us-central1-fetchGitHubActivity)"}}
[debug] [2026-04-29T18:40:19.080Z] [worker-pool] Adding worker with key us-central1-fetchGitHubActivity, total=1 {"metadata":{"emulator":{"name":"functions"},"message":"[worker-pool] Adding worker with key us-central1-fetchGitHubActivity, total=1"}}
[info] >  (node:6285) [DEP0040] DeprecationWarning: The `punycode` module is deprecated. Please use a userland alternative instead. {"user":"(node:6285) [DEP0040] DeprecationWarning: The `punycode` module is deprecated. Please use a userland alternative instead.","metadata":{"emulator":{"name":"functions"},"function":{"name":"us-central1-fetchGitHubActivity"},"extension":{},"message":"\u001b[90m> \u001b[39m (node:6285) [DEP0040] DeprecationWarning: The `punycode` module is deprecated. Please use a userland alternative instead."}}
[info] >  (Use `node --trace-deprecation ...` to show where the warning was created) {"user":"(Use `node --trace-deprecation ...` to show where the warning was created)","metadata":{"emulator":{"name":"functions"},"function":{"name":"us-central1-fetchGitHubActivity"},"extension":{},"message":"\u001b[90m> \u001b[39m (Use `node --trace-deprecation ...` to show where the warning was created)"}}
[debug] [2026-04-29T18:40:19.646Z] [runtime-status] [6285] Resolved module firebase-admin {"declared":true,"installed":true,"version":"13.8.0","resolution":"/Users/divine/Documents/projects/logrithm/functions/node_modules/firebase-admin/lib/index.js"} {"metadata":{"emulator":{"name":"functions"},"function":{"name":"us-central1-fetchGitHubActivity"},"extension":{},"message":"[runtime-status] [6285] Resolved module firebase-admin {\"declared\":true,\"installed\":true,\"version\":\"13.8.0\",\"resolution\":\"/Users/divine/Documents/projects/logrithm/functions/node_modules/firebase-admin/lib/index.js\"}"}}
[debug] [2026-04-29T18:40:19.646Z] [runtime-status] [6285] Resolved module firebase-functions {"declared":true,"installed":true,"version":"6.6.0","resolution":"/Users/divine/Documents/projects/logrithm/functions/node_modules/firebase-functions/lib/v2/index.js"} {"metadata":{"emulator":{"name":"functions"},"function":{"name":"us-central1-fetchGitHubActivity"},"extension":{},"message":"[runtime-status] [6285] Resolved module firebase-functions {\"declared\":true,\"installed\":true,\"version\":\"6.6.0\",\"resolution\":\"/Users/divine/Documents/projects/logrithm/functions/node_modules/firebase-functions/lib/v2/index.js\"}"}}
[debug] [2026-04-29T18:40:19.646Z] [runtime-status] [6285] Outgoing network have been stubbed. [{"name":"http","status":"mocked"},{"name":"http","status":"mocked"},{"name":"https","status":"mocked"},{"name":"https","status":"mocked"},{"name":"net","status":"mocked"}] {"metadata":{"emulator":{"name":"functions"},"function":{"name":"us-central1-fetchGitHubActivity"},"extension":{},"message":"[runtime-status] [6285] Outgoing network have been stubbed. [{\"name\":\"http\",\"status\":\"mocked\"},{\"name\":\"http\",\"status\":\"mocked\"},{\"name\":\"https\",\"status\":\"mocked\"},{\"name\":\"https\",\"status\":\"mocked\"},{\"name\":\"net\",\"status\":\"mocked\"}]"}}
[debug] [2026-04-29T18:40:19.646Z] [runtime-status] [6285] Resolved module firebase-functions {"declared":true,"installed":true,"version":"6.6.0","resolution":"/Users/divine/Documents/projects/logrithm/functions/node_modules/firebase-functions/lib/v2/index.js"} {"metadata":{"emulator":{"name":"functions"},"function":{"name":"us-central1-fetchGitHubActivity"},"extension":{},"message":"[runtime-status] [6285] Resolved module firebase-functions {\"declared\":true,\"installed\":true,\"version\":\"6.6.0\",\"resolution\":\"/Users/divine/Documents/projects/logrithm/functions/node_modules/firebase-functions/lib/v2/index.js\"}"}}
[debug] [2026-04-29T18:40:19.812Z] [runtime-status] [6285] Checked functions.config() {"config":{}} {"metadata":{"emulator":{"name":"functions"},"function":{"name":"us-central1-fetchGitHubActivity"},"extension":{},"message":"[runtime-status] [6285] Checked functions.config() {\"config\":{}}"}}
[debug] [2026-04-29T18:40:19.813Z] [runtime-status] [6285] firebase-functions has been stubbed. {"functionsResolution":{"declared":true,"installed":true,"version":"6.6.0","resolution":"/Users/divine/Documents/projects/logrithm/functions/node_modules/firebase-functions/lib/v2/index.js"}} {"metadata":{"emulator":{"name":"functions"},"function":{"name":"us-central1-fetchGitHubActivity"},"extension":{},"message":"[runtime-status] [6285] firebase-functions has been stubbed. {\"functionsResolution\":{\"declared\":true,\"installed\":true,\"version\":\"6.6.0\",\"resolution\":\"/Users/divine/Documents/projects/logrithm/functions/node_modules/firebase-functions/lib/v2/index.js\"}}"}}
[debug] [2026-04-29T18:40:19.813Z] [runtime-status] [6285] Resolved module firebase-functions {"declared":true,"installed":true,"version":"6.6.0","resolution":"/Users/divine/Documents/projects/logrithm/functions/node_modules/firebase-functions/lib/v2/index.js"} {"metadata":{"emulator":{"name":"functions"},"function":{"name":"us-central1-fetchGitHubActivity"},"extension":{},"message":"[runtime-status] [6285] Resolved module firebase-functions {\"declared\":true,\"installed\":true,\"version\":\"6.6.0\",\"resolution\":\"/Users/divine/Documents/projects/logrithm/functions/node_modules/firebase-functions/lib/v2/index.js\"}"}}
[debug] [2026-04-29T18:40:19.814Z] [runtime-status] [6285] Resolved module firebase-admin {"declared":true,"installed":true,"version":"13.8.0","resolution":"/Users/divine/Documents/projects/logrithm/functions/node_modules/firebase-admin/lib/index.js"} {"metadata":{"emulator":{"name":"functions"},"function":{"name":"us-central1-fetchGitHubActivity"},"extension":{},"message":"[runtime-status] [6285] Resolved module firebase-admin {\"declared\":true,\"installed\":true,\"version\":\"13.8.0\",\"resolution\":\"/Users/divine/Documents/projects/logrithm/functions/node_modules/firebase-admin/lib/index.js\"}"}}
[debug] [2026-04-29T18:40:19.815Z] [runtime-status] [6285] Resolved module firebase-functions {"declared":true,"installed":true,"version":"6.6.0","resolution":"/Users/divine/Documents/projects/logrithm/functions/node_modules/firebase-functions/lib/v2/index.js"} {"metadata":{"emulator":{"name":"functions"},"function":{"name":"us-central1-fetchGitHubActivity"},"extension":{},"message":"[runtime-status] [6285] Resolved module firebase-functions {\"declared\":true,\"installed\":true,\"version\":\"6.6.0\",\"resolution\":\"/Users/divine/Documents/projects/logrithm/functions/node_modules/firebase-functions/lib/v2/index.js\"}"}}
[debug] [2026-04-29T18:40:19.815Z] [runtime-status] [6285] firebase-admin has been stubbed. {"adminResolution":{"declared":true,"installed":true,"version":"13.8.0","resolution":"/Users/divine/Documents/projects/logrithm/functions/node_modules/firebase-admin/lib/index.js"}} {"metadata":{"emulator":{"name":"functions"},"function":{"name":"us-central1-fetchGitHubActivity"},"extension":{},"message":"[runtime-status] [6285] firebase-admin has been stubbed. {\"adminResolution\":{\"declared\":true,\"installed\":true,\"version\":\"13.8.0\",\"resolution\":\"/Users/divine/Documents/projects/logrithm/functions/node_modules/firebase-admin/lib/index.js\"}}"}}
[debug] [2026-04-29T18:40:19.933Z] [runtime-status] [6285] initializeApp(DEFAULT) {"storageBucket":"logrithm-ai.firebasestorage.app","projectId":"logrithm-ai"} {"metadata":{"emulator":{"name":"functions"},"function":{"name":"us-central1-fetchGitHubActivity"},"extension":{},"message":"[runtime-status] [6285] initializeApp(DEFAULT) {\"storageBucket\":\"logrithm-ai.firebasestorage.app\",\"projectId\":\"logrithm-ai\"}"}}
[debug] [2026-04-29T18:40:19.937Z] [runtime-status] [6285] Functions runtime initialized. {"cwd":"/Users/divine/Documents/projects/logrithm/functions","node_version":"25.5.0"} {"metadata":{"emulator":{"name":"functions"},"function":{"name":"us-central1-fetchGitHubActivity"},"extension":{},"message":"[runtime-status] [6285] Functions runtime initialized. {\"cwd\":\"/Users/divine/Documents/projects/logrithm/functions\",\"node_version\":\"25.5.0\"}"}}
[debug] [2026-04-29T18:40:19.937Z] [runtime-status] [6285] Listening to port: /var/folders/dq/glthrwl57b18pxc8pg8fbfzw0000gq/T/fire_emu_bd2b6aaa5f4ce6f9.sock {"metadata":{"emulator":{"name":"functions"},"function":{"name":"us-central1-fetchGitHubActivity"},"extension":{},"message":"[runtime-status] [6285] Listening to port: /var/folders/dq/glthrwl57b18pxc8pg8fbfzw0000gq/T/fire_emu_bd2b6aaa5f4ce6f9.sock"}}
[debug] [2026-04-29T18:40:19.998Z] [worker-us-central1-fetchGitHubActivity-4728f18c-5e7f-4563-90ed-425e4a140921]: IDLE {"metadata":{"emulator":{"name":"functions"},"function":{"name":"us-central1-fetchGitHubActivity"},"extension":{},"message":"[worker-us-central1-fetchGitHubActivity-4728f18c-5e7f-4563-90ed-425e4a140921]: IDLE"}}
[debug] [2026-04-29T18:40:19.999Z] [worker-pool] submitRequest(triggerId=us-central1-fetchGitHubActivity) {"metadata":{"emulator":{"name":"functions"},"message":"[worker-pool] submitRequest(triggerId=us-central1-fetchGitHubActivity)"}}
[info] i  functions: Beginning execution of "us-central1-fetchGitHubActivity" {"metadata":{"emulator":{"name":"functions"},"function":{"name":"us-central1-fetchGitHubActivity"},"extension":{},"message":"Beginning execution of \"us-central1-fetchGitHubActivity\""}}
[debug] [2026-04-29T18:40:19.999Z] [worker-us-central1-fetchGitHubActivity-4728f18c-5e7f-4563-90ed-425e4a140921]: BUSY {"metadata":{"emulator":{"name":"functions"},"function":{"name":"us-central1-fetchGitHubActivity"},"extension":{},"message":"[worker-us-central1-fetchGitHubActivity-4728f18c-5e7f-4563-90ed-425e4a140921]: BUSY"}}
[debug] [2026-04-29T18:40:20.000Z] Finishing up request with event=pause {"metadata":{"emulator":{"name":"functions"},"function":{"name":"us-central1-fetchGitHubActivity"},"extension":{},"message":"Finishing up request with event=pause"}}
[info] i  functions: Finished "us-central1-fetchGitHubActivity" in 1.724083ms {"metadata":{"emulator":{"name":"functions"},"function":{"name":"us-central1-fetchGitHubActivity"},"extension":{},"message":"Finished \"us-central1-fetchGitHubActivity\" in 1.724083ms"}}
[debug] [2026-04-29T18:40:20.001Z] [worker-us-central1-fetchGitHubActivity-4728f18c-5e7f-4563-90ed-425e4a140921]: IDLE {"metadata":{"emulator":{"name":"functions"},"function":{"name":"us-central1-fetchGitHubActivity"},"extension":{},"message":"[worker-us-central1-fetchGitHubActivity-4728f18c-5e7f-4563-90ed-425e4a140921]: IDLE"}}
[debug] [2026-04-29T18:40:20.001Z] Finishing up request with event=finish {"metadata":{"emulator":{"name":"functions"},"function":{"name":"us-central1-fetchGitHubActivity"},"extension":{},"message":"Finishing up request with event=finish"}}
[debug] [2026-04-29T18:40:20.001Z] Finishing up request with event=close {"metadata":{"emulator":{"name":"functions"},"function":{"name":"us-central1-fetchGitHubActivity"},"extension":{},"message":"Finishing up request with event=close"}}
[debug] [2026-04-29T18:40:20.001Z] [work-queue] {"queuedWork":[],"queueLength":0,"runningWork":[],"workRunningCount":0}
[debug] [2026-04-29T18:40:20.002Z] [work-queue] {"queuedWork":["/logrithm-ai/us-central1/fetchGitHubActivity-2026-04-29T18:40:20.002Z"],"queueLength":1,"runningWork":[],"workRunningCount":0}
[debug] [2026-04-29T18:40:20.002Z] [work-queue] {"queuedWork":[],"queueLength":0,"runningWork":["/logrithm-ai/us-central1/fetchGitHubActivity-2026-04-29T18:40:20.002Z"],"workRunningCount":1}
[debug] [2026-04-29T18:40:20.002Z] Accepted request POST /logrithm-ai/us-central1/fetchGitHubActivity --> us-central1-fetchGitHubActivity
[debug] [2026-04-29T18:40:20.002Z] [functions] Runtime ready! Sending request! {"metadata":{"emulator":{"name":"functions"},"message":"[functions] Runtime ready! Sending request!"}}
[debug] [2026-04-29T18:40:20.002Z] [functions] Got req.url=/logrithm-ai/us-central1/fetchGitHubActivity, mapping to path=/ {"metadata":{"emulator":{"name":"functions"},"message":"[functions] Got req.url=/logrithm-ai/us-central1/fetchGitHubActivity, mapping to path=/"}}
[debug] [2026-04-29T18:40:20.002Z] [worker-pool] submitRequest(triggerId=us-central1-fetchGitHubActivity) {"metadata":{"emulator":{"name":"functions"},"message":"[worker-pool] submitRequest(triggerId=us-central1-fetchGitHubActivity)"}}
[info] i  functions: Beginning execution of "us-central1-fetchGitHubActivity" {"metadata":{"emulator":{"name":"functions"},"function":{"name":"us-central1-fetchGitHubActivity"},"extension":{},"message":"Beginning execution of \"us-central1-fetchGitHubActivity\""}}
[debug] [2026-04-29T18:40:20.002Z] [worker-us-central1-fetchGitHubActivity-4728f18c-5e7f-4563-90ed-425e4a140921]: BUSY {"metadata":{"emulator":{"name":"functions"},"function":{"name":"us-central1-fetchGitHubActivity"},"extension":{},"message":"[worker-us-central1-fetchGitHubActivity-4728f18c-5e7f-4563-90ed-425e4a140921]: BUSY"}}
[info] >  {"verifications":{"app":"MISSING","auth":"VALID"},"logging.googleapis.com/labels":{"firebase-log-type":"callable-request-verification"},"severity":"DEBUG","message":"Callable request verification passed"} {"user":{"verifications":{"app":"MISSING","auth":"VALID"},"logging.googleapis.com/labels":{"firebase-log-type":"callable-request-verification"},"severity":"DEBUG","message":"Callable request verification passed"},"metadata":{"emulator":{"name":"functions"},"function":{"name":"us-central1-fetchGitHubActivity"},"extension":{},"message":"\u001b[90m> \u001b[39m {\"verifications\":{\"app\":\"MISSING\",\"auth\":\"VALID\"},\"logging.googleapis.com/labels\":{\"firebase-log-type\":\"callable-request-verification\"},\"severity\":\"DEBUG\",\"message\":\"Callable request verification passed\"}"}}
[warn] ⚠  functions: The Cloud Firestore emulator is not running, so calls to Firestore will affect production. {"metadata":{"emulator":{"name":"functions"},"function":{"name":"us-central1-fetchGitHubActivity"},"extension":{},"message":"The Cloud Firestore emulator is not running, so calls to Firestore will affect production."}}
[warn] ⚠  Google API requested!
   - URL: "https://oauth2.googleapis.com/token"
   - Be careful, this may be a production service. {"metadata":{"emulator":{"name":"functions"},"function":{"name":"us-central1-fetchGitHubActivity"},"extension":{},"message":"Google API requested!\n   - URL: \"https://oauth2.googleapis.com/token\"\n   - Be careful, this may be a production service."}}
[debug] [2026-04-29T18:40:27.386Z] Finishing up request with event=pause {"metadata":{"emulator":{"name":"functions"},"function":{"name":"us-central1-fetchGitHubActivity"},"extension":{},"message":"Finishing up request with event=pause"}}
[info] i  functions: Finished "us-central1-fetchGitHubActivity" in 7387.9854589999995ms {"metadata":{"emulator":{"name":"functions"},"function":{"name":"us-central1-fetchGitHubActivity"},"extension":{},"message":"Finished \"us-central1-fetchGitHubActivity\" in 7387.9854589999995ms"}}
[debug] [2026-04-29T18:40:27.391Z] [worker-us-central1-fetchGitHubActivity-4728f18c-5e7f-4563-90ed-425e4a140921]: IDLE {"metadata":{"emulator":{"name":"functions"},"function":{"name":"us-central1-fetchGitHubActivity"},"extension":{},"message":"[worker-us-central1-fetchGitHubActivity-4728f18c-5e7f-4563-90ed-425e4a140921]: IDLE"}}
[debug] [2026-04-29T18:40:27.392Z] Finishing up request with event=finish {"metadata":{"emulator":{"name":"functions"},"function":{"name":"us-central1-fetchGitHubActivity"},"extension":{},"message":"Finishing up request with event=finish"}}
[debug] [2026-04-29T18:40:27.392Z] Finishing up request with event=close {"metadata":{"emulator":{"name":"functions"},"function":{"name":"us-central1-fetchGitHubActivity"},"extension":{},"message":"Finishing up request with event=close"}}
[debug] [2026-04-29T18:40:27.392Z] [work-queue] {"queuedWork":[],"queueLength":0,"runningWork":[],"workRunningCount":0}
[debug] [2026-04-29T18:40:43.532Z] [work-queue] {"queuedWork":["/logrithm-ai/us-central1/generateInsights-2026-04-29T18:40:43.531Z"],"queueLength":1,"runningWork":[],"workRunningCount":0}
[debug] [2026-04-29T18:40:43.532Z] [work-queue] {"queuedWork":[],"queueLength":0,"runningWork":["/logrithm-ai/us-central1/generateInsights-2026-04-29T18:40:43.531Z"],"workRunningCount":1}
[debug] [2026-04-29T18:40:43.532Z] Accepted request OPTIONS /logrithm-ai/us-central1/generateInsights --> us-central1-generateInsights
[debug] [2026-04-29T18:40:43.535Z] [functions] Runtime ready! Sending request! {"metadata":{"emulator":{"name":"functions"},"message":"[functions] Runtime ready! Sending request!"}}
[debug] [2026-04-29T18:40:43.541Z] [functions] Got req.url=/logrithm-ai/us-central1/generateInsights, mapping to path=/ {"metadata":{"emulator":{"name":"functions"},"message":"[functions] Got req.url=/logrithm-ai/us-central1/generateInsights, mapping to path=/"}}
[info] i  functions: Loaded environment variables from .env.local. 
[info] i  functions: Trying to access secret GEMINI_API_KEY@latest {"metadata":{"emulator":{"name":"functions"},"message":"Trying to access secret GEMINI_API_KEY@latest"}}
[debug] [2026-04-29T18:40:43.546Z] Checked if tokens are valid: true, expires at: 1777491597828
[debug] [2026-04-29T18:40:43.547Z] Checked if tokens are valid: true, expires at: 1777491597828
[debug] [2026-04-29T18:40:43.548Z] >>> [apiv2][query] GET https://secretmanager.googleapis.com/v1/projects/logrithm-ai/secrets/GEMINI_API_KEY/versions/latest:access [none]
[debug] [2026-04-29T18:40:44.234Z] <<< [apiv2][status] GET https://secretmanager.googleapis.com/v1/projects/logrithm-ai/secrets/GEMINI_API_KEY/versions/latest:access 200
[debug] [2026-04-29T18:40:44.235Z] <<< [apiv2][body] GET https://secretmanager.googleapis.com/v1/projects/logrithm-ai/secrets/GEMINI_API_KEY/versions/latest:access {"name":"projects/995611811662/secrets/GEMINI_API_KEY/versions/1","payload":{"data":"QUl6YVN5QmpBbUZHX3RNOWJUb09sSjJDMGdtLVMtZUtnX0dMbk9F","dataCrc32c":"1961671507"}}
[debug] [2026-04-29T18:40:44.243Z] [worker-pool] addWorker(us-central1-generateInsights) {"metadata":{"emulator":{"name":"functions"},"message":"[worker-pool] addWorker(us-central1-generateInsights)"}}
[debug] [2026-04-29T18:40:44.244Z] [worker-pool] Adding worker with key us-central1-generateInsights, total=1 {"metadata":{"emulator":{"name":"functions"},"message":"[worker-pool] Adding worker with key us-central1-generateInsights, total=1"}}
[info] >  (node:7376) [DEP0040] DeprecationWarning: The `punycode` module is deprecated. Please use a userland alternative instead. {"user":"(node:7376) [DEP0040] DeprecationWarning: The `punycode` module is deprecated. Please use a userland alternative instead.","metadata":{"emulator":{"name":"functions"},"function":{"name":"us-central1-generateInsights"},"extension":{},"message":"\u001b[90m> \u001b[39m (node:7376) [DEP0040] DeprecationWarning: The `punycode` module is deprecated. Please use a userland alternative instead."}}
[info] >  (Use `node --trace-deprecation ...` to show where the warning was created) {"user":"(Use `node --trace-deprecation ...` to show where the warning was created)","metadata":{"emulator":{"name":"functions"},"function":{"name":"us-central1-generateInsights"},"extension":{},"message":"\u001b[90m> \u001b[39m (Use `node --trace-deprecation ...` to show where the warning was created)"}}
[debug] [2026-04-29T18:40:44.779Z] [runtime-status] [7376] Resolved module firebase-admin {"declared":true,"installed":true,"version":"13.8.0","resolution":"/Users/divine/Documents/projects/logrithm/functions/node_modules/firebase-admin/lib/index.js"} {"metadata":{"emulator":{"name":"functions"},"function":{"name":"us-central1-generateInsights"},"extension":{},"message":"[runtime-status] [7376] Resolved module firebase-admin {\"declared\":true,\"installed\":true,\"version\":\"13.8.0\",\"resolution\":\"/Users/divine/Documents/projects/logrithm/functions/node_modules/firebase-admin/lib/index.js\"}"}}
[debug] [2026-04-29T18:40:44.780Z] [runtime-status] [7376] Resolved module firebase-functions {"declared":true,"installed":true,"version":"6.6.0","resolution":"/Users/divine/Documents/projects/logrithm/functions/node_modules/firebase-functions/lib/v2/index.js"} {"metadata":{"emulator":{"name":"functions"},"function":{"name":"us-central1-generateInsights"},"extension":{},"message":"[runtime-status] [7376] Resolved module firebase-functions {\"declared\":true,\"installed\":true,\"version\":\"6.6.0\",\"resolution\":\"/Users/divine/Documents/projects/logrithm/functions/node_modules/firebase-functions/lib/v2/index.js\"}"}}
[debug] [2026-04-29T18:40:44.780Z] [runtime-status] [7376] Outgoing network have been stubbed. [{"name":"http","status":"mocked"},{"name":"http","status":"mocked"},{"name":"https","status":"mocked"},{"name":"https","status":"mocked"},{"name":"net","status":"mocked"}] {"metadata":{"emulator":{"name":"functions"},"function":{"name":"us-central1-generateInsights"},"extension":{},"message":"[runtime-status] [7376] Outgoing network have been stubbed. [{\"name\":\"http\",\"status\":\"mocked\"},{\"name\":\"http\",\"status\":\"mocked\"},{\"name\":\"https\",\"status\":\"mocked\"},{\"name\":\"https\",\"status\":\"mocked\"},{\"name\":\"net\",\"status\":\"mocked\"}]"}}
[debug] [2026-04-29T18:40:44.780Z] [runtime-status] [7376] Resolved module firebase-functions {"declared":true,"installed":true,"version":"6.6.0","resolution":"/Users/divine/Documents/projects/logrithm/functions/node_modules/firebase-functions/lib/v2/index.js"} {"metadata":{"emulator":{"name":"functions"},"function":{"name":"us-central1-generateInsights"},"extension":{},"message":"[runtime-status] [7376] Resolved module firebase-functions {\"declared\":true,\"installed\":true,\"version\":\"6.6.0\",\"resolution\":\"/Users/divine/Documents/projects/logrithm/functions/node_modules/firebase-functions/lib/v2/index.js\"}"}}
[debug] [2026-04-29T18:40:44.914Z] [runtime-status] [7376] Checked functions.config() {"config":{}} {"metadata":{"emulator":{"name":"functions"},"function":{"name":"us-central1-generateInsights"},"extension":{},"message":"[runtime-status] [7376] Checked functions.config() {\"config\":{}}"}}
[debug] [2026-04-29T18:40:44.914Z] [runtime-status] [7376] firebase-functions has been stubbed. {"functionsResolution":{"declared":true,"installed":true,"version":"6.6.0","resolution":"/Users/divine/Documents/projects/logrithm/functions/node_modules/firebase-functions/lib/v2/index.js"}} {"metadata":{"emulator":{"name":"functions"},"function":{"name":"us-central1-generateInsights"},"extension":{},"message":"[runtime-status] [7376] firebase-functions has been stubbed. {\"functionsResolution\":{\"declared\":true,\"installed\":true,\"version\":\"6.6.0\",\"resolution\":\"/Users/divine/Documents/projects/logrithm/functions/node_modules/firebase-functions/lib/v2/index.js\"}}"}}
[debug] [2026-04-29T18:40:44.914Z] [runtime-status] [7376] Resolved module firebase-functions {"declared":true,"installed":true,"version":"6.6.0","resolution":"/Users/divine/Documents/projects/logrithm/functions/node_modules/firebase-functions/lib/v2/index.js"} {"metadata":{"emulator":{"name":"functions"},"function":{"name":"us-central1-generateInsights"},"extension":{},"message":"[runtime-status] [7376] Resolved module firebase-functions {\"declared\":true,\"installed\":true,\"version\":\"6.6.0\",\"resolution\":\"/Users/divine/Documents/projects/logrithm/functions/node_modules/firebase-functions/lib/v2/index.js\"}"}}
[debug] [2026-04-29T18:40:44.916Z] [runtime-status] [7376] Resolved module firebase-admin {"declared":true,"installed":true,"version":"13.8.0","resolution":"/Users/divine/Documents/projects/logrithm/functions/node_modules/firebase-admin/lib/index.js"} {"metadata":{"emulator":{"name":"functions"},"function":{"name":"us-central1-generateInsights"},"extension":{},"message":"[runtime-status] [7376] Resolved module firebase-admin {\"declared\":true,\"installed\":true,\"version\":\"13.8.0\",\"resolution\":\"/Users/divine/Documents/projects/logrithm/functions/node_modules/firebase-admin/lib/index.js\"}"}}
[debug] [2026-04-29T18:40:44.916Z] [runtime-status] [7376] Resolved module firebase-functions {"declared":true,"installed":true,"version":"6.6.0","resolution":"/Users/divine/Documents/projects/logrithm/functions/node_modules/firebase-functions/lib/v2/index.js"} {"metadata":{"emulator":{"name":"functions"},"function":{"name":"us-central1-generateInsights"},"extension":{},"message":"[runtime-status] [7376] Resolved module firebase-functions {\"declared\":true,\"installed\":true,\"version\":\"6.6.0\",\"resolution\":\"/Users/divine/Documents/projects/logrithm/functions/node_modules/firebase-functions/lib/v2/index.js\"}"}}
[debug] [2026-04-29T18:40:44.916Z] [runtime-status] [7376] firebase-admin has been stubbed. {"adminResolution":{"declared":true,"installed":true,"version":"13.8.0","resolution":"/Users/divine/Documents/projects/logrithm/functions/node_modules/firebase-admin/lib/index.js"}} {"metadata":{"emulator":{"name":"functions"},"function":{"name":"us-central1-generateInsights"},"extension":{},"message":"[runtime-status] [7376] firebase-admin has been stubbed. {\"adminResolution\":{\"declared\":true,\"installed\":true,\"version\":\"13.8.0\",\"resolution\":\"/Users/divine/Documents/projects/logrithm/functions/node_modules/firebase-admin/lib/index.js\"}}"}}
[debug] [2026-04-29T18:40:45.020Z] [runtime-status] [7376] initializeApp(DEFAULT) {"storageBucket":"logrithm-ai.firebasestorage.app","projectId":"logrithm-ai"} {"metadata":{"emulator":{"name":"functions"},"function":{"name":"us-central1-generateInsights"},"extension":{},"message":"[runtime-status] [7376] initializeApp(DEFAULT) {\"storageBucket\":\"logrithm-ai.firebasestorage.app\",\"projectId\":\"logrithm-ai\"}"}}
[debug] [2026-04-29T18:40:45.023Z] [runtime-status] [7376] Functions runtime initialized. {"cwd":"/Users/divine/Documents/projects/logrithm/functions","node_version":"25.5.0"} {"metadata":{"emulator":{"name":"functions"},"function":{"name":"us-central1-generateInsights"},"extension":{},"message":"[runtime-status] [7376] Functions runtime initialized. {\"cwd\":\"/Users/divine/Documents/projects/logrithm/functions\",\"node_version\":\"25.5.0\"}"}}
[debug] [2026-04-29T18:40:45.023Z] [runtime-status] [7376] Listening to port: /var/folders/dq/glthrwl57b18pxc8pg8fbfzw0000gq/T/fire_emu_585e0aa259edb1a3.sock {"metadata":{"emulator":{"name":"functions"},"function":{"name":"us-central1-generateInsights"},"extension":{},"message":"[runtime-status] [7376] Listening to port: /var/folders/dq/glthrwl57b18pxc8pg8fbfzw0000gq/T/fire_emu_585e0aa259edb1a3.sock"}}
[debug] [2026-04-29T18:40:45.057Z] [worker-us-central1-generateInsights-a6ac8a9e-a2d7-4e09-a72b-5beacf43d7be]: IDLE {"metadata":{"emulator":{"name":"functions"},"function":{"name":"us-central1-generateInsights"},"extension":{},"message":"[worker-us-central1-generateInsights-a6ac8a9e-a2d7-4e09-a72b-5beacf43d7be]: IDLE"}}
[debug] [2026-04-29T18:40:45.057Z] [worker-pool] submitRequest(triggerId=us-central1-generateInsights) {"metadata":{"emulator":{"name":"functions"},"message":"[worker-pool] submitRequest(triggerId=us-central1-generateInsights)"}}
[info] i  functions: Beginning execution of "us-central1-generateInsights" {"metadata":{"emulator":{"name":"functions"},"function":{"name":"us-central1-generateInsights"},"extension":{},"message":"Beginning execution of \"us-central1-generateInsights\""}}
[debug] [2026-04-29T18:40:45.058Z] [worker-us-central1-generateInsights-a6ac8a9e-a2d7-4e09-a72b-5beacf43d7be]: BUSY {"metadata":{"emulator":{"name":"functions"},"function":{"name":"us-central1-generateInsights"},"extension":{},"message":"[worker-us-central1-generateInsights-a6ac8a9e-a2d7-4e09-a72b-5beacf43d7be]: BUSY"}}
[debug] [2026-04-29T18:40:45.061Z] Finishing up request with event=pause {"metadata":{"emulator":{"name":"functions"},"function":{"name":"us-central1-generateInsights"},"extension":{},"message":"Finishing up request with event=pause"}}
[info] i  functions: Finished "us-central1-generateInsights" in 3.447667ms {"metadata":{"emulator":{"name":"functions"},"function":{"name":"us-central1-generateInsights"},"extension":{},"message":"Finished \"us-central1-generateInsights\" in 3.447667ms"}}
[debug] [2026-04-29T18:40:45.061Z] [worker-us-central1-generateInsights-a6ac8a9e-a2d7-4e09-a72b-5beacf43d7be]: IDLE {"metadata":{"emulator":{"name":"functions"},"function":{"name":"us-central1-generateInsights"},"extension":{},"message":"[worker-us-central1-generateInsights-a6ac8a9e-a2d7-4e09-a72b-5beacf43d7be]: IDLE"}}
[debug] [2026-04-29T18:40:45.061Z] Finishing up request with event=finish {"metadata":{"emulator":{"name":"functions"},"function":{"name":"us-central1-generateInsights"},"extension":{},"message":"Finishing up request with event=finish"}}
[debug] [2026-04-29T18:40:45.061Z] Finishing up request with event=close {"metadata":{"emulator":{"name":"functions"},"function":{"name":"us-central1-generateInsights"},"extension":{},"message":"Finishing up request with event=close"}}
[debug] [2026-04-29T18:40:45.061Z] [work-queue] {"queuedWork":[],"queueLength":0,"runningWork":[],"workRunningCount":0}
[debug] [2026-04-29T18:40:45.063Z] [work-queue] {"queuedWork":["/logrithm-ai/us-central1/generateInsights-2026-04-29T18:40:45.063Z"],"queueLength":1,"runningWork":[],"workRunningCount":0}
[debug] [2026-04-29T18:40:45.063Z] [work-queue] {"queuedWork":[],"queueLength":0,"runningWork":["/logrithm-ai/us-central1/generateInsights-2026-04-29T18:40:45.063Z"],"workRunningCount":1}
[debug] [2026-04-29T18:40:45.063Z] Accepted request POST /logrithm-ai/us-central1/generateInsights --> us-central1-generateInsights
[debug] [2026-04-29T18:40:45.063Z] [functions] Runtime ready! Sending request! {"metadata":{"emulator":{"name":"functions"},"message":"[functions] Runtime ready! Sending request!"}}
[debug] [2026-04-29T18:40:45.064Z] [functions] Got req.url=/logrithm-ai/us-central1/generateInsights, mapping to path=/ {"metadata":{"emulator":{"name":"functions"},"message":"[functions] Got req.url=/logrithm-ai/us-central1/generateInsights, mapping to path=/"}}
[debug] [2026-04-29T18:40:45.064Z] [worker-pool] submitRequest(triggerId=us-central1-generateInsights) {"metadata":{"emulator":{"name":"functions"},"message":"[worker-pool] submitRequest(triggerId=us-central1-generateInsights)"}}
[info] i  functions: Beginning execution of "us-central1-generateInsights" {"metadata":{"emulator":{"name":"functions"},"function":{"name":"us-central1-generateInsights"},"extension":{},"message":"Beginning execution of \"us-central1-generateInsights\""}}
[debug] [2026-04-29T18:40:45.064Z] [worker-us-central1-generateInsights-a6ac8a9e-a2d7-4e09-a72b-5beacf43d7be]: BUSY {"metadata":{"emulator":{"name":"functions"},"function":{"name":"us-central1-generateInsights"},"extension":{},"message":"[worker-us-central1-generateInsights-a6ac8a9e-a2d7-4e09-a72b-5beacf43d7be]: BUSY"}}
[info] >  {"verifications":{"app":"MISSING","auth":"VALID"},"logging.googleapis.com/labels":{"firebase-log-type":"callable-request-verification"},"severity":"DEBUG","message":"Callable request verification passed"} {"user":{"verifications":{"app":"MISSING","auth":"VALID"},"logging.googleapis.com/labels":{"firebase-log-type":"callable-request-verification"},"severity":"DEBUG","message":"Callable request verification passed"},"metadata":{"emulator":{"name":"functions"},"function":{"name":"us-central1-generateInsights"},"extension":{},"message":"\u001b[90m> \u001b[39m {\"verifications\":{\"app\":\"MISSING\",\"auth\":\"VALID\"},\"logging.googleapis.com/labels\":{\"firebase-log-type\":\"callable-request-verification\"},\"severity\":\"DEBUG\",\"message\":\"Callable request verification passed\"}"}}
[warn] ⚠  Google API requested!
   - URL: "https://oauth2.googleapis.com/token"
   - Be careful, this may be a production service. {"metadata":{"emulator":{"name":"functions"},"function":{"name":"us-central1-generateInsights"},"extension":{},"message":"Google API requested!\n   - URL: \"https://oauth2.googleapis.com/token\"\n   - Be careful, this may be a production service."}}
[debug] [2026-04-29T18:40:55.318Z] Finishing up request with event=pause {"metadata":{"emulator":{"name":"functions"},"function":{"name":"us-central1-generateInsights"},"extension":{},"message":"Finishing up request with event=pause"}}
[info] i  functions: Finished "us-central1-generateInsights" in 10259.14075ms {"metadata":{"emulator":{"name":"functions"},"function":{"name":"us-central1-generateInsights"},"extension":{},"message":"Finished \"us-central1-generateInsights\" in 10259.14075ms"}}
[debug] [2026-04-29T18:40:55.325Z] [worker-us-central1-generateInsights-a6ac8a9e-a2d7-4e09-a72b-5beacf43d7be]: IDLE {"metadata":{"emulator":{"name":"functions"},"function":{"name":"us-central1-generateInsights"},"extension":{},"message":"[worker-us-central1-generateInsights-a6ac8a9e-a2d7-4e09-a72b-5beacf43d7be]: IDLE"}}
[debug] [2026-04-29T18:40:55.325Z] Finishing up request with event=finish {"metadata":{"emulator":{"name":"functions"},"function":{"name":"us-central1-generateInsights"},"extension":{},"message":"Finishing up request with event=finish"}}
[debug] [2026-04-29T18:40:55.326Z] Finishing up request with event=close {"metadata":{"emulator":{"name":"functions"},"function":{"name":"us-central1-generateInsights"},"extension":{},"message":"Finishing up request with event=close"}}
[debug] [2026-04-29T18:40:55.326Z] [work-queue] {"queuedWork":[],"queueLength":0,"runningWork":[],"workRunningCount":0}
